app/build/outputs/logs/manifest-merger-debug-report.txt
-- Merging decision tree log ---
manifest
ADDED from src/main/AndroidManifest.xml:1:1-17:12
	xmlns:android
		ADDED from src/main/AndroidManifest.xml:1:11-69
	package
		ADDED from src/main/AndroidManifest.xml:2:5-46
		INJECTED from src/main/AndroidManifest.xml
		INJECTED from src/main/AndroidManifest.xml
	android:versionName
		INJECTED from src/main/AndroidManifest.xml
		INJECTED from src/main/AndroidManifest.xml
	android:versionCode
		INJECTED from src/main/AndroidManifest.xml
		INJECTED from src/main/AndroidManifest.xml
application
ADDED from src/main/AndroidManifest.xml:4:5-15:19
MERGED from [com.android.support:appcompat-v7:23.0.0] AndroidManifest.xml:22:5-20
MERGED from [com.android.support:support-v4:23.0.0] AndroidManifest.xml:22:5-20
	android:label
		ADDED from src/main/AndroidManifest.xml:4:45-77
	android:debuggable
		ADDED from src/main/AndroidManifest.xml:5:76-101
	android:allowBackup
		ADDED from src/main/AndroidManifest.xml:4:18-44
	android:icon
		ADDED from src/main/AndroidManifest.xml:5:9-43
	android:theme
		ADDED from src/main/AndroidManifest.xml:5:44-75
service#com.example.chris.morsekeyboard.MorseIME
ADDED from src/main/AndroidManifest.xml:7:9-14:19
	android:label
		ADDED from src/main/AndroidManifest.xml:8:13-43
	android:permission
		ADDED from src/main/AndroidManifest.xml:9:13-70
	android:name
		ADDED from src/main/AndroidManifest.xml:7:18-42
intent-filter#android.view.InputMethod
ADDED from src/main/AndroidManifest.xml:10:13-12:29
action#android.view.InputMethod
ADDED from src/main/AndroidManifest.xml:11:17-67
	android:name
		ADDED from src/main/AndroidManifest.xml:11:25-64
meta-data#android.view.im
ADDED from src/main/AndroidManifest.xml:13:13-88
	android:resource
		ADDED from src/main/AndroidManifest.xml:13:55-85
	android:name
		ADDED from src/main/AndroidManifest.xml:13:24-54
uses-sdk
INJECTED from src/main/AndroidManifest.xml reason: use-sdk injection requested
MERGED from [com.android.support:appcompat-v7:23.0.0] AndroidManifest.xml:20:5-43
MERGED from [com.android.support:support-v4:23.0.0] AndroidManifest.xml:20:5-43
	android:targetSdkVersion
		INJECTED from src/main/AndroidManifest.xml
		INJECTED from src/main/AndroidManifest.xml
	android:minSdkVersion
		INJECTED from src/main/AndroidManifest.xml
		INJECTED from src/main/AndroidManifest.xml